<?xml version="1.0" encoding="UTF-8"?>
<testng-results ignored="0" total="1" passed="1" failed="0" skipped="0">
  <reporter-output>
  </reporter-output>
  <suite started-at="2021-11-09T15:06:41 IST" name="Default suite" finished-at="2021-11-09T15:06:59 IST" duration-ms="18391">
    <groups>
    </groups>
    <test started-at="2021-11-09T15:06:41 IST" name="Default test" finished-at="2021-11-09T15:06:59 IST" duration-ms="18391">
      <class name="com.evs.Login.TestLogin">
        <test-method is-config="true" signature="launchBrowser()[pri:0, instance:com.evs.Login.TestLogin@37d4349f]" started-at="2021-11-09T15:06:41 IST" name="launchBrowser" finished-at="2021-11-09T15:06:47 IST" duration-ms="6485" status="PASS">
          <reporter-output>
          </reporter-output>
        </test-method> <!-- launchBrowser -->
        <test-method signature="testLogin()[pri:0, instance:com.evs.Login.TestLogin@37d4349f]" started-at="2021-11-09T15:06:47 IST" name="testLogin" finished-at="2021-11-09T15:06:59 IST" duration-ms="11851" status="PASS">
          <reporter-output>
          </reporter-output>
        </test-method> <!-- testLogin -->
      </class> <!-- com.evs.Login.TestLogin -->
    </test> <!-- Default test -->
  </suite> <!-- Default suite -->
</testng-results>
